<?xml version="1.0" encoding="UTF-8"?>
<testsuite xmlns:xsi="http://www.w3.org/2001/XMLSchema-instance" xsi:noNamespaceSchemaLocation="https://maven.apache.org/surefire/maven-surefire-plugin/xsd/surefire-test-report.xsd" version="3.0.2" name="io.github.example_java_api.ExampleJavaApiApplicationTests" time="4.287" tests="1" errors="0" skipped="0" failures="0">
  <properties>
[...]
</properties>
  <testcase name="contextLoads" classname="io.github.example_java_api.ExampleJavaApiApplicationTests" time="1.019">
    <system-out><![CDATA[22:13:39.884 [main] INFO org.springframework.test.context.support.AnnotationConfigContextLoaderUtils -- Could not detect default configuration classes for test class [io.github.example_java_api.ExampleJavaApiApplicationTests]: ExampleJavaApiApplicationTests does not declare any static, non-private, non-final, nested classes annotated with @Configuration.
22:13:40.127 [main] INFO org.springframework.boot.test.context.SpringBootTestContextBootstrapper -- Found @SpringBootConfiguration io.github.example_java_api.ExampleJavaApiApplication for test class io.github.example_java_api.ExampleJavaApiApplicationTests
22:13:40.354 [main] INFO org.springframework.boot.devtools.restart.RestartApplicationListener -- Restart disabled due to context in which it is running

  .   ____          _            __ _ _
 /\\ / ___'_ __ _ _(_)_ __  __ _ \ \ \ \
( ( )\___ | '_ | '_| | '_ \/ _` | \ \ \ \
 \\/  ___)| |_)| | | | | || (_| |  ) ) ) )
  '  |____| .__|_| |_|_| |_\__, | / / / /
 =========|_|==============|___/=/_/_/_/

 :: Spring Boot ::                (v3.4.5)

2025-05-09T22:13:40.873-03:00  INFO 457158 --- [example-java-api] [           main] i.g.e.ExampleJavaApiApplicationTests     : Starting ExampleJavaApiApplicationTests using Java 17.0.14 with PID 457158 (started by becker-developer in /home/becker-developer/my-projects/example-java-api)
2025-05-09T22:13:40.877-03:00  INFO 457158 --- [example-java-api] [           main] i.g.e.ExampleJavaApiApplicationTests     : No active profile set, falling back to 1 default profile: "default"
2025-05-09T22:13:42.899-03:00  INFO 457158 --- [example-java-api] [           main] i.g.e.ExampleJavaApiApplicationTests     : Started ExampleJavaApiApplicationTests in 2.562 seconds (process running for 3.985)
]]></system-out>
  </testcase>
</testsuite>